<?xml version="1.0" encoding="UTF-8"?>
<robot generator="Robot 7.0.1 (Python 3.12.7 on win32)" generated="2024-10-04T10:15:33.633951" rpa="false" schemaversion="5">
<suite id="s1" name="Preenchimento Correto" source="c:\Users\LowCost\Documents\projeto-qa\testes\preenchimento_correto.robot">
<test id="s1-t1" name="Verificar se é possivel criar mais de um card se preenchermos os campos corretamente" line="12">
<kw name="Dado que eu acesse o Organo" owner="setup_teardown" type="SETUP">
<kw name="Open Browser" owner="SeleniumLibrary">
<msg time="2024-10-04T10:15:33.894719" level="INFO">Opening browser 'Edge' to base url 'http://localhost:3000/'.</msg>
<arg>url=http://localhost:3000/</arg>
<arg>browser=Edge</arg>
<doc>Opens a new browser instance to the optional ``url``.</doc>
<status status="PASS" start="2024-10-04T10:15:33.894719" elapsed="2.226433"/>
</kw>
<status status="PASS" start="2024-10-04T10:15:33.893719" elapsed="2.228442"/>
</kw>
<kw name="Dado que eu preencha os campos do formulário" owner="cadastro_organo">
<kw name="FakerLibrary.First Name">
<msg time="2024-10-04T10:15:36.130415" level="FAIL">No keyword with name 'FakerLibrary.First Name' found.</msg>
<var>${Nome}</var>
<status status="FAIL" start="2024-10-04T10:15:36.130415" elapsed="0.003297">No keyword with name 'FakerLibrary.First Name' found.</status>
</kw>
<kw name="Input Text" owner="SeleniumLibrary">
<arg>${CAMPO_NOME}</arg>
<arg>${Nome}</arg>
<doc>Types the given ``text`` into the text field identified by ``locator``.</doc>
<status status="NOT RUN" start="2024-10-04T10:15:36.134922" elapsed="0.000000"/>
</kw>
<kw name="FakerLibrary.Job">
<var>${Cargo}</var>
<status status="NOT RUN" start="2024-10-04T10:15:36.135920" elapsed="0.000000"/>
</kw>
<kw name="Input Text" owner="SeleniumLibrary">
<arg>${CAMPO_CARGO}</arg>
<arg>${Cargo}</arg>
<doc>Types the given ``text`` into the text field identified by ``locator``.</doc>
<status status="NOT RUN" start="2024-10-04T10:15:36.136532" elapsed="0.000000"/>
</kw>
<kw name="FakerLibrary.Image Url">
<var>${Imagem}</var>
<arg>width=200</arg>
<arg>height=100</arg>
<status status="NOT RUN" start="2024-10-04T10:15:36.137353" elapsed="0.000000"/>
</kw>
<kw name="Input Text" owner="SeleniumLibrary">
<arg>${CAMPO_IMAGEM}</arg>
<arg>${Imagem}</arg>
<doc>Types the given ``text`` into the text field identified by ``locator``.</doc>
<status status="NOT RUN" start="2024-10-04T10:15:36.137353" elapsed="0.000000"/>
</kw>
<kw name="Click Element" owner="SeleniumLibrary">
<arg>${CAMPO_TIME}</arg>
<doc>Click the element identified by ``locator``.</doc>
<status status="NOT RUN" start="2024-10-04T10:15:36.138376" elapsed="0.000000"/>
</kw>
<kw name="Click Element" owner="SeleniumLibrary">
<arg>${selecionar_time}[0]</arg>
<doc>Click the element identified by ``locator``.</doc>
<status status="NOT RUN" start="2024-10-04T10:15:36.138376" elapsed="0.000000"/>
</kw>
<status status="FAIL" start="2024-10-04T10:15:36.123896" elapsed="0.014480">No keyword with name 'FakerLibrary.First Name' found.</status>
</kw>
<kw name="E clique no botão &quot;Criar Card&quot;" owner="cadastro_organo">
<status status="NOT RUN" start="2024-10-04T10:15:36.140064" elapsed="0.000500"/>
</kw>
<kw name="Então identificar 3 cards no time esperado" owner="cadastro_organo">
<status status="NOT RUN" start="2024-10-04T10:15:36.141825" elapsed="0.000345"/>
</kw>
<kw name="Fechar o navegador" owner="setup_teardown" type="TEARDOWN">
<kw name="Close Browser" owner="SeleniumLibrary">
<doc>Closes the current browser.</doc>
<status status="PASS" start="2024-10-04T10:15:36.144260" elapsed="2.177488"/>
</kw>
<status status="PASS" start="2024-10-04T10:15:36.143746" elapsed="2.178998"/>
</kw>
<status status="FAIL" start="2024-10-04T10:15:33.892720" elapsed="4.430757">No keyword with name 'FakerLibrary.First Name' found.</status>
</test>
<status status="FAIL" start="2024-10-04T10:15:33.640078" elapsed="4.686072"/>
</suite>
<statistics>
<total>
<stat pass="0" fail="1" skip="0">All Tests</stat>
</total>
<tag>
</tag>
<suite>
<stat pass="0" fail="1" skip="0" id="s1" name="Preenchimento Correto">Preenchimento Correto</stat>
</suite>
</statistics>
<errors>
<msg time="2024-10-04T10:15:33.883791" level="ERROR">Error in file 'c:\Users\LowCost\Documents\projeto-qa\resources\main.robot' on line 3: Importing library 'FakerLibrary' failed: ModuleNotFoundError: No module named 'pkg_resources'
Traceback (most recent call last):
  File "C:\Users\LowCost\AppData\Local\Programs\Python\Python312\Lib\site-packages\FakerLibrary\__init__.py", line 1, in &lt;module&gt;
    import pkg_resources
PYTHONPATH:
  c:\Users\LowCost\.vscode\extensions\robocorp.robotframework-lsp-1.13.0\src\robotframework_debug_adapter
  C:\Users\LowCost\Documents\projeto-qa
  c:\Users\LowCost\.vscode\extensions\robocorp.robotframework-lsp-1.13.0\src
  c:\Users\LowCost\.vscode\extensions\robocorp.robotframework-lsp-1.13.0\src\robotframework_ls\vendored
  C:\Users\LowCost\AppData\Local\Programs\Python\Python312\python312.zip
  C:\Users\LowCost\AppData\Local\Programs\Python\Python312\DLLs
  C:\Users\LowCost\AppData\Local\Programs\Python\Python312\Lib
  C:\Users\LowCost\AppData\Local\Programs\Python\Python312
  C:\Users\LowCost\AppData\Local\Programs\Python\Python312\Lib\site-packages</msg>
</errors>
</robot>
